C51 COMPILER V9.60.7.0   MAIN                                                              04/14/2025 08:31:58 PAGE 1   


C51 COMPILER V9.60.7.0, COMPILATION OF MODULE MAIN
OBJECT MODULE PLACED IN .\Objects\main.obj
COMPILER INVOKED BY: D:\3software\keil\C51\BIN\C51.EXE main.c OPTIMIZE(8,SPEED) BROWSE INCDIR(D:\3software\keil\C51\INC\
                    -Atmel) DEBUG OBJECTEXTEND PRINT(.\Listings\main.lst) OBJECT(.\Objects\main.obj)

line level    source

   1          #include<REGX52.h>
   2          void delay1ms(unsigned nms)     //@11.0592MHz
   3          {
   4   1              unsigned char data i, j;
   5   1              while(nms)
   6   1              {
   7   2                      i = 11;
   8   2                      j = 190;
   9   2                      do
  10   2                      {
  11   3                              while (--j);
  12   3                      } while (--i);
  13   2                      nms--;
  14   2              }
  15   1      }
  16          
  17          void test1(){//按下K1亮，松开灭
  18   1              while(1)
  19   1          {
  20   2              if(P3_1==0)
  21   2              {
  22   3                  P2_0=0;
  23   3              }
  24   2              else
  25   2              {
  26   3                  P2_0=1;
  27   3              }
  28   2          }
  29   1      }
  30          
  31          void test2(){//按下K1亮，再次按下灭，如此反复
  32   1              P2_0=1;
  33   1              while(1)
  34   1          {
  35   2              if(P3_1==0)
  36   2              {
  37   3                              delay1ms(20);//消除按下的抖动
  38   3                              while(P3_1==0);
  39   3                              delay1ms(20);//消除松开的抖动
  40   3                              P2_0=~P2_0;
  41   3              }
  42   2                      
  43   2          }
  44   1              
  45   1      }
  46          
  47          void test3(){//每按下一次递增一个二进制位
  48   1      // 2^8=256次
  49   1              unsigned int count=0;
  50   1              while(1){
  51   2                      if(P3_1==0){
  52   3                              delay1ms(20);
  53   3                              while(P3_1==0);
  54   3                              delay1ms(20);
C51 COMPILER V9.60.7.0   MAIN                                                              04/14/2025 08:31:58 PAGE 2   

  55   3                              count++;
  56   3                              P2=0xFF;//先统一置灭，再统一亮对应位！
  57   3                              P2&=~count;
  58   3                      }
  59   2              }
  60   1      }
  61          
  62          void test4(){//每隔10ms就递增二进制位
  63   1      // 2^8=256次
  64   1              unsigned int count=0;
  65   1              while(1){
  66   2                      while(P3_1==0);//按下暂停
  67   2                      delay1ms(50);
  68   2                      count++;
  69   2                      P2=0xFF;//先统一置灭，再统一亮对应位！
  70   2                      P2&=~count;
  71   2              }
  72   1      }
  73          
  74          void test5(){
  75   1              unsigned int initial=0x01;//每按下一次实现移位操作
  76   1              P2=~initial;
  77   1              while(1){
  78   2                      if(P3_1==0){
  79   3                              delay1ms(20);
  80   3                              while(P3_1==0);
  81   3                              delay1ms(20);
  82   3                              initial<<=1;
  83   3                              initial=initial>0x80?0x01:initial;
  84   3                              P2=0xFF;
  85   3                              P2=~initial;
  86   3                      }
  87   2              }
  88   1      }
  89          
  90          void test6(){
  91   1              //移位操作自动化
  92   1      unsigned int initial=0x01;
  93   1      P2=~initial;
  94   1              while(1){
  95   2                      delay1ms(100);
  96   2                      initial<<=1;
  97   2                      initial=initial>0x80?0x01:initial;
  98   2                      P2=0xFF;
  99   2                      P2=~initial;
 100   2              }
 101   1      }
 102          
 103          void main()
 104          {
 105   1              test6();
 106   1      }


MODULE INFORMATION:   STATIC OVERLAYABLE
   CODE SIZE        =    227    ----
   CONSTANT SIZE    =   ----    ----
   XDATA SIZE       =   ----    ----
   PDATA SIZE       =   ----    ----
   DATA SIZE        =   ----    ----
   IDATA SIZE       =   ----    ----
   BIT SIZE         =   ----    ----
C51 COMPILER V9.60.7.0   MAIN                                                              04/14/2025 08:31:58 PAGE 3   

END OF MODULE INFORMATION.


C51 COMPILATION COMPLETE.  0 WARNING(S),  0 ERROR(S)
