C51 COMPILER V9.60.7.0   DELAY                                                             04/22/2025 14:53:51 PAGE 1   


C51 COMPILER V9.60.7.0, COMPILATION OF MODULE DELAY
OBJECT MODULE PLACED IN .\Objects\delay.obj
COMPILER INVOKED BY: D:\3software\keil\C51\BIN\C51.EXE delay.c OPTIMIZE(8,SPEED) BROWSE INCDIR(D:\3software\keil\C51\INC
                    -\Atmel) DEBUG OBJECTEXTEND PRINT(.\Listings\delay.lst) OBJECT(.\Objects\delay.obj)

line level    source

   1          #include "delay.h"
   2          
   3          /*******************************************************************************
   4          * 函 数 名       : delay_10us
   5          * 函数功能           : 延时函数，ten_us=1时，大约延时10us
   6          * 输    入       : ten_us
   7          * 输    出             : 无
   8          *******************************************************************************/
   9          void delay_10us(unsigned int ten_us)
  10          {
  11   1              while(ten_us--);        
  12   1      }
  13          
  14          /*******************************************************************************
  15          * 函 数 名       : delay_ms
  16          * 函数功能           : ms延时函数，ms=1时，大约延时1ms
  17          * 输    入       : ms：ms延时时间
  18          * 输    出             : 无
  19          *******************************************************************************/
  20          void delay_ms(unsigned int ms)
  21          {
  22   1              unsigned int i,j;
  23   1              for(i=ms;i>0;i--)
  24   1                      for(j=110;j>0;j--);
  25   1      }


MODULE INFORMATION:   STATIC OVERLAYABLE
   CODE SIZE        =     41    ----
   CONSTANT SIZE    =   ----    ----
   XDATA SIZE       =   ----    ----
   PDATA SIZE       =   ----    ----
   DATA SIZE        =   ----    ----
   IDATA SIZE       =   ----    ----
   BIT SIZE         =   ----    ----
END OF MODULE INFORMATION.


C51 COMPILATION COMPLETE.  0 WARNING(S),  0 ERROR(S)
