C51 COMPILER V9.60.7.0   MAIN                                                              04/22/2025 15:14:27 PAGE 1   


C51 COMPILER V9.60.7.0, COMPILATION OF MODULE MAIN
OBJECT MODULE PLACED IN .\Objects\main.obj
COMPILER INVOKED BY: D:\3software\keil\C51\BIN\C51.EXE main.c OPTIMIZE(8,SPEED) BROWSE INCDIR(D:\3software\keil\C51\INC\
                    -Atmel) DEBUG OBJECTEXTEND PRINT(.\Listings\main.lst) OBJECT(.\Objects\main.obj)

line level    source

   1          #include "lcd1602.h"
   2          #include "matrix.h"
   3          
   4          void main()
   5          {
   6   1          unsigned char key = 0;
   7   1          lcd1602_init();
   8   1          lcd1602_show_string(0, 0, "MatrixKey inVS:");
   9   1          lcd1602_show_string(0, 1, "Input:");
  10   1          lcd1602_show_string(6, 1, "00");
  11   1          while (1)
  12   1          {
  13   2              key = matrixKey();
  14   2              if (key)
  15   2              {
  16   3                  lcd1602_show_string(6, 1, lcd1602_num_2_str(key));
  17   3              }
  18   2          }
  19   1      }


MODULE INFORMATION:   STATIC OVERLAYABLE
   CODE SIZE        =     65    ----
   CONSTANT SIZE    =     26    ----
   XDATA SIZE       =   ----    ----
   PDATA SIZE       =   ----    ----
   DATA SIZE        =   ----       1
   IDATA SIZE       =   ----    ----
   BIT SIZE         =   ----    ----
END OF MODULE INFORMATION.


C51 COMPILATION COMPLETE.  0 WARNING(S),  0 ERROR(S)
