C51 COMPILER V9.60.7.0   LCD1602                                                           04/25/2025 21:21:28 PAGE 1   


C51 COMPILER V9.60.7.0, COMPILATION OF MODULE LCD1602
OBJECT MODULE PLACED IN .\Objects\lcd1602.obj
COMPILER INVOKED BY: D:\3software\keil\C51\BIN\C51.EXE lcd1602.c OPTIMIZE(8,SPEED) BROWSE INCDIR(D:\3software\keil\C51\I
                    -NC\Atmel) DEBUG OBJECTEXTEND PRINT(.\Listings\lcd1602.lst) OBJECT(.\Objects\lcd1602.obj)

line level    source

   1          #include "lcd1602.h"
   2          
   3          /*******************************************************************************
   4          * ?? ?? ??       : delay_10us
   5          * ????????               : ?????????ten_us=1?????????10us
   6          * ??    ??       : ten_us
   7          * ??    ??       : ??
   8          *******************************************************************************/
   9          void delay_10us(u16 ten_us)
  10          {
  11   1              while(ten_us--);        
  12   1      }
  13          
  14          /*******************************************************************************
  15          * ?? ?? ??       : delay_ms
  16          * ????????               : ms?????????ms=1?????????1ms
  17          * ??    ??       : ms??ms??????
  18          * ??    ??       : ??
  19          *******************************************************************************/
  20          void delay_ms(u16 ms)
  21          {
  22   1              u16 i,j;
  23   1              for(i=ms;i>0;i--)
  24   1                      for(j=110;j>0;j--);
  25   1      }
  26          /*******************************************************************************
  27          * ?? ?? ??       : lcd1602_write_cmd
  28          * ????????               : LCD1602§Õ????
  29          * ??    ??       : cmd?????
  30          * ??    ??       : ??
  31          *******************************************************************************/
  32          #if (LCD1602_4OR8_DATA_INTERFACE==0)//8¦ËLCD
  33          void lcd1602_write_cmd(u8 cmd)
  34          {
  35   1              LCD1602_RS=0;//???????
  36   1              LCD1602_RW=0;//???§Õ
  37   1              LCD1602_E=0;
  38   1              LCD1602_DATAPORT=cmd;//???????
  39   1              delay_ms(1);
  40   1              LCD1602_E=1;//????E????????§Õ??
  41   1              delay_ms(1);
  42   1              LCD1602_E=0;//????E?????????§Õ??        
  43   1      }
  44          #else   //4¦ËLCD
              void lcd1602_write_cmd(u8 cmd)
              {
                      LCD1602_RS=0;//???????
                      LCD1602_RW=0;//???§Õ
                      LCD1602_E=0;
                      LCD1602_DATAPORT=cmd;//???????
                      delay_ms(1);
                      LCD1602_E=1;//????E????????§Õ??
                      delay_ms(1);
                      LCD1602_E=0;//????E?????????§Õ??
C51 COMPILER V9.60.7.0   LCD1602                                                           04/25/2025 21:21:28 PAGE 2   

                      
                      LCD1602_DATAPORT=cmd<<4;//???????
                      delay_ms(1);
                      LCD1602_E=1;//????E????????§Õ??
                      delay_ms(1);
                      LCD1602_E=0;//????E?????????§Õ??        
              }
              #endif
  63          
  64          /*******************************************************************************
  65          * ?? ?? ??       : lcd1602_write_data
  66          * ????????               : LCD1602§Õ????
  67          * ??    ??       : dat??????
  68          * ??    ??       : ??
  69          *******************************************************************************/
  70          #if (LCD1602_4OR8_DATA_INTERFACE==0)//8¦ËLCD
  71          void lcd1602_write_data(u8 dat) 
  72          {
  73   1              LCD1602_RS=1;//???????
  74   1              LCD1602_RW=0;//???§Õ
  75   1              LCD1602_E=0;
  76   1              LCD1602_DATAPORT=dat;//???????
  77   1              delay_ms(1);
  78   1              LCD1602_E=1;//????E????????§Õ??
  79   1              delay_ms(1);
  80   1              LCD1602_E=0;//????E?????????§Õ??                
  81   1      }
  82          #else
              void lcd1602_write_data(u8 dat) 
              {
                      LCD1602_RS=1;//???????
                      LCD1602_RW=0;//???§Õ
                      LCD1602_E=0;
                      LCD1602_DATAPORT=dat;//???????
                      delay_ms(1);
                      LCD1602_E=1;//????E????????§Õ??
                      delay_ms(1);
                      LCD1602_E=0;//????E?????????§Õ??
                      
                      LCD1602_DATAPORT=dat<<4;//???????
                      delay_ms(1);
                      LCD1602_E=1;//????E????????§Õ??
                      delay_ms(1);
                      LCD1602_E=0;//????E?????????§Õ??                
              }
              #endif
 101          
 102          /*******************************************************************************
 103          * ?? ?? ??       : lcd1602_init
 104          * ????????               : LCD1602?????
 105          * ??    ??       : ??
 106          * ??    ??       : ??
 107          *******************************************************************************/
 108          #if (LCD1602_4OR8_DATA_INTERFACE==0)//8¦ËLCD
 109          void lcd1602_init(void)
 110          {
 111   1              lcd1602_write_cmd(0x38);//????????8¦Ë?????2?§µ?5*7????/???
 112   1              lcd1602_write_cmd(0x0c);//????????????????????
 113   1              lcd1602_write_cmd(0x06);//§Õ??????????????????????????
 114   1              lcd1602_write_cmd(0x01);//????  
 115   1      }
 116          #else
C51 COMPILER V9.60.7.0   LCD1602                                                           04/25/2025 21:21:28 PAGE 3   

              void lcd1602_init(void)
              {
                      lcd1602_write_cmd(0x28);//????????4¦Ë?????2?§µ?5*7????/???
                      lcd1602_write_cmd(0x0c);//????????????????????
                      lcd1602_write_cmd(0x06);//§Õ??????????????????????????
                      lcd1602_write_cmd(0x01);//????  
              }
              #endif
 125          
 126          /*******************************************************************************
 127          * ?? ?? ??       : lcd1602_clear
 128          * ????????               : LCD1602????
 129          * ??    ??       : ??
 130          * ??    ??       : ??
 131          *******************************************************************************/
 132          void lcd1602_clear(void)
 133          {
 134   1              lcd1602_write_cmd(0x01);        
 135   1      }
 136          
 137          /*******************************************************************************
 138          * ?? ?? ??       : lcd1602_show_string
 139          * ????????               : LCD1602??????
 140          * ??    ??       : x,y?????????x=0~15??y=0~1;
 141                                             str??????????
 142          * ??    ??       : ??
 143          *******************************************************************************/
 144          void lcd1602_show_string(u8 x,u8 y,u8 *str)
 145          {
 146   1              u8 i=0;
 147   1      
 148   1              if(y>1 | x>15)return;//???§Ó???????????????
 149   1      
 150   1              if(y<1) //??1?????
 151   1              {       
 152   2                      while(*str!='\0')//?????????'\0'??¦Â?????????????????
 153   2                      {
 154   3                              if(i<16-x)//???????????????????????¦¶?????????§Þ??????
 155   3                              {
 156   4                                      lcd1602_write_cmd(0x80+i+x);//???????????????   
 157   4                              }
 158   3                              else
 159   3                              {
 160   4                                      lcd1602_write_cmd(0x40+0x80+i+x-16);//???????????????   
 161   4                              }
 162   3                              lcd1602_write_data(*str);//???????
 163   3                              str++;//??????
 164   3                              i++;    
 165   3                      }       
 166   2              }
 167   1              else    //??2?????
 168   1              {
 169   2                      while(*str!='\0')
 170   2                      {
 171   3                              if(i<16-x) //???????????????????????¦¶?????????§Þ??????
 172   3                              {
 173   4                                      lcd1602_write_cmd(0x80+0x40+i+x);       
 174   4                              }
 175   3                              else
 176   3                              {
 177   4                                      lcd1602_write_cmd(0x80+i+x-16); 
 178   4                              }
C51 COMPILER V9.60.7.0   LCD1602                                                           04/25/2025 21:21:28 PAGE 4   

 179   3                              lcd1602_write_data(*str);
 180   3                              str++;
 181   3                              i++;    
 182   3                      }       
 183   2              }                               
 184   1      }


MODULE INFORMATION:   STATIC OVERLAYABLE
   CODE SIZE        =    244    ----
   CONSTANT SIZE    =   ----    ----
   XDATA SIZE       =   ----    ----
   PDATA SIZE       =   ----    ----
   DATA SIZE        =   ----       2
   IDATA SIZE       =   ----    ----
   BIT SIZE         =   ----    ----
END OF MODULE INFORMATION.


C51 COMPILATION COMPLETE.  0 WARNING(S),  0 ERROR(S)
