C51 COMPILER V9.60.7.0   MAIN                                                              04/25/2025 20:48:15 PAGE 1   


C51 COMPILER V9.60.7.0, COMPILATION OF MODULE MAIN
OBJECT MODULE PLACED IN .\Objects\main.obj
COMPILER INVOKED BY: D:\3software\keil\C51\BIN\C51.EXE main.c OPTIMIZE(8,SPEED) BROWSE INCDIR(D:\3software\keil\C51\INC\
                    -Atmel) DEBUG OBJECTEXTEND PRINT(.\Listings\main.lst) OBJECT(.\Objects\main.obj)

line level    source

   1          #include<REGX52.h>
   2          #include"lcd1602.h"
   3          #include"uart.h"
   4          void main(){
   5   1              //P2=0x55;      
   6   1              unsigned char Sec=0;
   7   1              Uart1_Init();
   8   1              lcd1602_init();
   9   1              while(1){
  10   2                      char str[2];
  11   2                      UART_SendByte(Sec++);
  12   2                      str[0]=Sec+'0';
  13   2                      str[1]='\0';
  14   2                      lcd1602_show_string(0,0,str);
  15   2                      delay_ms(1000);
  16   2              }
  17   1      }
  18          


MODULE INFORMATION:   STATIC OVERLAYABLE
   CODE SIZE        =     44    ----
   CONSTANT SIZE    =   ----    ----
   XDATA SIZE       =   ----    ----
   PDATA SIZE       =   ----    ----
   DATA SIZE        =   ----       3
   IDATA SIZE       =   ----    ----
   BIT SIZE         =   ----    ----
END OF MODULE INFORMATION.


C51 COMPILATION COMPLETE.  0 WARNING(S),  0 ERROR(S)
