C51 COMPILER V9.60.7.0   UART                                                              04/25/2025 21:44:46 PAGE 1   


C51 COMPILER V9.60.7.0, COMPILATION OF MODULE UART
OBJECT MODULE PLACED IN .\Objects\UART.obj
COMPILER INVOKED BY: D:\3software\keil\C51\BIN\C51.EXE UART.c OPTIMIZE(8,SPEED) BROWSE INCDIR(D:\3software\keil\C51\INC\
                    -Atmel) DEBUG OBJECTEXTEND PRINT(.\Listings\UART.lst) OBJECT(.\Objects\UART.obj)

line level    source

   1          #include "uart.h"
   2          #include "lcd1602.h"
   3          
   4          void UART_Routine() interrupt 4//串口接受自电脑的数据处理中断函数
   5          {
   6   1              if (RI)                         //检测串口1接收中断
   7   1              {
   8   2                      P2=~SBUF;                               //读取数据，取反后输出到LED
   9   2                      UART_SendByte(SBUF);    //将受到的数据发回串口
  10   2                      RI = 0;                 //清除串口1接收中断请求位
  11   2              }
  12   1      }
  13          
  14          
  15          void UART_SendByte(unsigned char Byte){//串口像电脑发送
  16   1              SBUF=Byte;
  17   1              while(TI==0){//等待发送成功
  18   2                      
  19   2              }
  20   1              TI=0;//重置发送成功的位
  21   1      
  22   1      }
  23          void Uart1_Init(void)   //4800bps@11.0592MHz
  24          {
  25   1              PCON |= 0x80;           //使能波特率倍速位SMOD
  26   1              SCON = 0x50;            //8位数据,可变波特率
  27   1              TMOD &= 0x0F;           //设置定时器模式
  28   1              TMOD |= 0x20;           //设置定时器模式
  29   1              TL1 = 0xF4;                     //设置定时初始值
  30   1              TH1 = 0xF4;                     //设置定时重载值
  31   1              ET1 = 0;                //禁止定时器1中断
  32   1              TR1 = 1;                //启动定时器1
  33   1              EA=1;
  34   1              ES=1;
  35   1      }


MODULE INFORMATION:   STATIC OVERLAYABLE
   CODE SIZE        =    106    ----
   CONSTANT SIZE    =   ----    ----
   XDATA SIZE       =   ----    ----
   PDATA SIZE       =   ----    ----
   DATA SIZE        =   ----    ----
   IDATA SIZE       =   ----    ----
   BIT SIZE         =   ----    ----
END OF MODULE INFORMATION.


C51 COMPILATION COMPLETE.  0 WARNING(S),  0 ERROR(S)
