C51 COMPILER V9.60.7.0   DELAY                                                             04/23/2025 21:49:57 PAGE 1   


C51 COMPILER V9.60.7.0, COMPILATION OF MODULE DELAY
OBJECT MODULE PLACED IN .\Objects\delay.obj
COMPILER INVOKED BY: D:\3software\keil\C51\BIN\C51.EXE delay.c OPTIMIZE(8,SPEED) BROWSE INCDIR(D:\3software\keil\C51\INC
                    -\Atmel) DEBUG OBJECTEXTEND PRINT(.\Listings\delay.lst) OBJECT(.\Objects\delay.obj)

line level    source

   1          #include "delay.h"
   2          #include <REGX52.h>
   3          
   4          /*******************************************************************************
   5          * 函 数 名       : delay_10us
   6          * 函数功能               : 延时函数，ten_us=1时，大约延时10us
   7          * 输    入       : ten_us
   8          * 输    出       : 无
   9          *******************************************************************************/
  10          void delay_10us(unsigned char ten_us)
  11          {
  12   1              while(ten_us--);        
  13   1      }
  14          
  15          /*******************************************************************************
  16          * 函 数 名       : delay_ms
  17          * 函数功能               : ms延时函数，ms=1时，大约延时1ms
  18          * 输    入       : ms：ms延时时间
  19          * 输    出       : 无
  20          *******************************************************************************/
  21          void delay_ms(unsigned char ms)
  22          {
  23   1              unsigned char i,j;
  24   1              for(i=ms;i>0;i--)
  25   1                      for(j=110;j>0;j--);
  26   1      }


MODULE INFORMATION:   STATIC OVERLAYABLE
   CODE SIZE        =     21    ----
   CONSTANT SIZE    =   ----    ----
   XDATA SIZE       =   ----    ----
   PDATA SIZE       =   ----    ----
   DATA SIZE        =   ----    ----
   IDATA SIZE       =   ----    ----
   BIT SIZE         =   ----    ----
END OF MODULE INFORMATION.


C51 COMPILATION COMPLETE.  0 WARNING(S),  0 ERROR(S)
