C51 COMPILER V9.60.7.0   EXPERIMENT2                                                       04/23/2025 23:45:42 PAGE 1   


C51 COMPILER V9.60.7.0, COMPILATION OF MODULE EXPERIMENT2
OBJECT MODULE PLACED IN .\Objects\experiment2.obj
COMPILER INVOKED BY: D:\3software\keil\C51\BIN\C51.EXE experiment2.c OPTIMIZE(8,SPEED) BROWSE INCDIR(D:\3software\keil\C
                    -51\INC\Atmel) DEBUG OBJECTEXTEND PRINT(.\Listings\experiment2.lst) OBJECT(.\Objects\experiment2.obj)

line level    source

   1          #include "experiment2.h"
   2          #include "lcd1602.h"
   3          volatile unsigned char keyNum = 0;
   4          volatile unsigned char P2_init = 0x01;
   5          unsigned char key(){
   6   1          if(P3_1 == 0){  // 检测按键按下
   7   2              delay_ms(20);  // 消抖
   8   2              if(P3_1 == 0){  // 再次确认按下
   9   3                  while(P3_1 == 0);  // 等待释放
  10   3                  delay_ms(20);  // 释放消抖
  11   3                  keyNum = !keyNum;  // 切换状态
  12   3              }
  13   2          }
  14   1          return keyNum;
  15   1      }
  16          
  17          static unsigned int T0Count = 0;
  18          
  19          void Timer0_Isr2(void) interrupt 1
  20          {
  21   1          TL0 = 0x18;
  22   1          TH0 = 0xFC;
  23   1          T0Count++;
  24   1          if (T0Count == 500)
  25   1          {
  26   2              T0Count = 0;
  27   2                      //这段核心的代码可以记住！左移右移核心！
  28   2              if(keyNum){ // 反向移动
  29   3                  P2_init = (P2_init >> 1) | (P2_init << 7); // 循环右移
  30   3                  P2 = ~P2_init;
  31   3              }else{ // 正向移动
  32   3                  P2_init = (P2_init << 1) | (P2_init >> 7); // 循环左移
  33   3                  P2 = ~P2_init;
  34   3              }
  35   2          }
  36   1      }


MODULE INFORMATION:   STATIC OVERLAYABLE
   CODE SIZE        =    122    ----
   CONSTANT SIZE    =   ----    ----
   XDATA SIZE       =   ----    ----
   PDATA SIZE       =   ----    ----
   DATA SIZE        =      4    ----
   IDATA SIZE       =   ----    ----
   BIT SIZE         =   ----    ----
END OF MODULE INFORMATION.


C51 COMPILATION COMPLETE.  0 WARNING(S),  0 ERROR(S)
