C51 COMPILER V9.60.7.0   EXPERIMENT1                                                       04/23/2025 21:52:28 PAGE 1   


C51 COMPILER V9.60.7.0, COMPILATION OF MODULE EXPERIMENT1
OBJECT MODULE PLACED IN .\Objects\experiment1.obj
COMPILER INVOKED BY: D:\3software\keil\C51\BIN\C51.EXE experiment1.c OPTIMIZE(8,SPEED) BROWSE INCDIR(D:\3software\keil\C
                    -51\INC\Atmel) DEBUG OBJECTEXTEND PRINT(.\Listings\experiment1.lst) OBJECT(.\Objects\experiment1.obj)

line level    source

   1          #include "experiment1.h"
   2          
   3          void Timer0_Isr1(void) interrupt 1
   4          {
   5   1          static unsigned int T0Count;
   6   1          TL0 = 0x18; // 设置定时初始值
   7   1          TH0 = 0xFC; // 设置定时初始值
   8   1          T0Count++;
   9   1          if (T0Count == 100)
  10   1          {
  11   2              T0Count = 0;
  12   2              P2_0 = ~P2_0;
  13   2          }
  14   1      }


MODULE INFORMATION:   STATIC OVERLAYABLE
   CODE SIZE        =     31    ----
   CONSTANT SIZE    =   ----    ----
   XDATA SIZE       =   ----    ----
   PDATA SIZE       =   ----    ----
   DATA SIZE        =      2    ----
   IDATA SIZE       =   ----    ----
   BIT SIZE         =   ----    ----
END OF MODULE INFORMATION.


C51 COMPILATION COMPLETE.  0 WARNING(S),  0 ERROR(S)
