C51 COMPILER V9.60.7.0   MAIN                                                              04/24/2025 00:42:12 PAGE 1   


C51 COMPILER V9.60.7.0, COMPILATION OF MODULE MAIN
OBJECT MODULE PLACED IN .\Objects\main.obj
COMPILER INVOKED BY: D:\3software\keil\C51\BIN\C51.EXE main.c OPTIMIZE(8,SPEED) BROWSE INCDIR(D:\3software\keil\C51\INC\
                    -Atmel) DEBUG OBJECTEXTEND PRINT(.\Listings\main.lst) OBJECT(.\Objects\main.obj)

line level    source

   1          #include <REGX52.h>
   2          #include "lcd1602.h"
   3          //#include "experiment1.h"
   4          //#include "experiment2.h"
   5          //#include "experiment3.h"
   6          
   7          //从00:00:00->23:59:59计时器
   8          unsigned char hours=0;//时钟
   9          unsigned char minutes=0;//分钟
  10          unsigned char seconds=0;//秒钟
  11          unsigned char count=0;//统计到达1s的1000次
  12          
  13          void num2str(unsigned char *ptr, unsigned char num) {
  14   1          *(ptr) = (num/10) + '0';    // 十位
  15   1          *(ptr+1) = (num%10) + '0';  // 个位
  16   1      }
  17          static unsigned char now[9];
  18          
  19          unsigned char* time(unsigned char hours,unsigned char minutes,unsigned char seconds){
  20   1              //00:00:00共8位       
  21   1              now[2]=now[5]=':';
  22   1              num2str(now+0,hours);
  23   1              num2str(now+3,minutes);
  24   1              num2str(now+6,seconds);
  25   1              now[8] = '\0';  // 添加字符串结束符
  26   1              return now;
  27   1      }
  28          
  29          void Timer0_ISR(void) interrupt 1{
  30   1              //中断函数准则，不要在里面添加过长任务！
  31   1              //重置计数器TH、TL
  32   1              TL0 = 0x18;   // 设置定时初始值
  33   1          TH0 = 0xFC;   // 设置定时初始值
  34   1              count++;
  35   1              if(count == 1000) {
  36   2              P2_0 = ~P2_0;  // 调试信号，这里就没进来，说明根本就没触发中断！咋搞的
             -
  37   2              count = 0;
  38   2              seconds++;
  39   2              
  40   2              // 修正时间计算逻辑
  41   2              if(seconds >= 60) {
  42   3                  seconds = 0;
  43   3                  minutes++;
  44   3                  if(minutes >= 60) {
  45   4                      minutes = 0;
  46   4                      hours++;
  47   4                      if(hours >= 24) {
  48   5                          hours = 0;
  49   5                      }
  50   4                  }
  51   3              }
  52   2              
  53   2          }
C51 COMPILER V9.60.7.0   MAIN                                                              04/24/2025 00:42:12 PAGE 2   

  54   1      }
  55          
  56          void Timer0_Init(void) // 1毫秒@12.000MHz
  57          {
  58   1          // AUXR &= 0x7F;                    //定时器时钟12T模式
  59   1          TMOD &= 0xF0; // 设置定时器模式
  60   1          TMOD |= 0x01; // 设置定时器模式
  61   1          TL0 = 0x18;   // 设置定时初始值
  62   1          TH0 = 0xFC;   // 设置定时初始值
  63   1          TF0 = 0;      // 清除TF0标志
  64   1          TR0 = 1;      // 定时器0开始计时
  65   1          ET0 = 1;      // 使能定时器0中断
  66   1          EA = 1;       // 使能总中断
  67   1      }
  68          
  69          void main()
  70          {
  71   1              unsigned char prevSeconds = seconds; // 记录上一次的秒数
  72   1          Timer0_Init();
  73   1          lcd1602_init();
  74   1          lcd1602_show_string(0, 0, time(hours, minutes, seconds++)); // 初始显示
  75   1          while (1) {
  76   2              if (seconds != prevSeconds) { // 只有秒数变化时才更新显示，防止CPU消耗过重
  77   3                              lcd1602_show_string(0, 1, "time");//这个就没有触发！
  78   3                  lcd1602_show_string(8, 1, time(hours, minutes, seconds));
  79   3                  prevSeconds = seconds;
  80   3              }
  81   2          }
  82   1      }


MODULE INFORMATION:   STATIC OVERLAYABLE
   CODE SIZE        =    224    ----
   CONSTANT SIZE    =      5    ----
   XDATA SIZE       =   ----    ----
   PDATA SIZE       =   ----    ----
   DATA SIZE        =     13       1
   IDATA SIZE       =   ----    ----
   BIT SIZE         =   ----    ----
END OF MODULE INFORMATION.


C51 COMPILATION COMPLETE.  0 WARNING(S),  0 ERROR(S)
